Using pre-set license
Built from '2020.2/release' branch; Version is '2020.2.2f1 (068178b99f32) revision 426360'; Using compiler version '192528614'; Build Type 'Release'
OS: 'Windows 10 Home Single Language; OS build 18363.1316; Version 1909; 64bit' Language: 'en' Physical Memory: 8034 MB
BatchMode: 1, IsHumanControllingUs: 0, StartBugReporterOnCrash: 0, Is64bit: 1, IsPro: 0

 COMMAND LINE ARGUMENTS:
D:\2020.2.2f1\Editor\Unity.exe
-adb2
-batchMode
-noUpm
-name
AssetImportWorker0
-projectPath
C:/Users/ogulc/Documents/GitHub/mega-golf-berivanucan/Magical Mini Golf
-logFile
Logs/AssetImportWorker0.log
-srvPort
54889
Successfully changed project path to: C:/Users/ogulc/Documents/GitHub/mega-golf-berivanucan/Magical Mini Golf
C:/Users/ogulc/Documents/GitHub/mega-golf-berivanucan/Magical Mini Golf
Using Asset Import Pipeline V2.
Refreshing native plugins compatible for Editor in 41.75 ms, found 0 plugins.
Preloading 0 native plugins for Editor in 0.00 ms.
Initialize engine version: 2020.2.2f1 (068178b99f32)
[Subsystems] Discovering subsystems at path D:/2020.2.2f1/Editor/Data/Resources/UnitySubsystems
[Subsystems] Discovering subsystems at path C:/Users/ogulc/Documents/GitHub/mega-golf-berivanucan/Magical Mini Golf/Assets
GfxDevice: creating device client; threaded=0
Direct3D:
    Version:  Direct3D 11.0 [level 11.1]
    Renderer: NVIDIA GeForce GTX 1050 (ID=0x1c91)
    Vendor:   
    VRAM:     2996 MB
    Driver:   27.21.14.6140
Initialize mono
Mono path[0] = 'D:/2020.2.2f1/Editor/Data/Managed'
Mono path[1] = 'D:/2020.2.2f1/Editor/Data/MonoBleedingEdge/lib/mono/unityjit'
Mono config path = 'D:/2020.2.2f1/Editor/Data/MonoBleedingEdge/etc'
Using monoOptions --debugger-agent=transport=dt_socket,embedding=1,server=y,suspend=n,address=127.0.0.1:56576
Begin MonoManager ReloadAssembly
Registering precompiled unity dll's ...
Register platform support module: D:/2020.2.2f1/Editor/Data/PlaybackEngines/WebGLSupport/UnityEditor.WebGL.Extensions.dll
Register platform support module: D:/2020.2.2f1/Editor/Data/PlaybackEngines/WindowsStandaloneSupport/UnityEditor.WindowsStandalone.Extensions.dll
Registered in 0.001479 seconds.
Native extension for WindowsStandalone target not found
Native extension for WebGL target not found
Refreshing native plugins compatible for Editor in 44.25 ms, found 0 plugins.
Preloading 0 native plugins for Editor in 0.00 ms.
Invoked RoslynAnalysisRunner static constructor.
RoslynAnalysisRunner will not be running.
RoslynAnalysisRunner has terminated.
Mono: successfully reloaded assembly
- Completed reload, in  0.912 seconds
Platform modules already initialized, skipping
Registering precompiled user dll's ...
Registered in 0.001323 seconds.
Begin MonoManager ReloadAssembly
Native extension for WindowsStandalone target not found
Native extension for WebGL target not found
Refreshing native plugins compatible for Editor in 42.02 ms, found 0 plugins.
Preloading 0 native plugins for Editor in 0.00 ms.
Invoked RoslynAnalysisRunner static constructor.
RoslynAnalysisRunner will not be running.
RoslynAnalysisRunner has terminated.
Mono: successfully reloaded assembly
- Completed reload, in  1.015 seconds
Platform modules already initialized, skipping
========================================================================
Worker process is ready to serve import requests
Launched and connected shader compiler UnityShaderCompiler.exe after 0.18 seconds
Refreshing native plugins compatible for Editor in 0.42 ms, found 0 plugins.
Preloading 0 native plugins for Editor in 0.00 ms.
Unloading 2470 Unused Serialized files (Serialized files now loaded: 0)
System memory in use before: 99.5 MB.
System memory in use after: 99.7 MB.

Unloading 11 unused Assets to reduce memory usage. Loaded Objects now: 2914.
Total: 2.497600 ms (FindLiveObjects: 0.367800 ms CreateObjectMapping: 0.125500 ms MarkObjects: 1.865400 ms  DeleteObjects: 0.137500 ms)

========================================================================
Received Import Request.
  path: Assets/BG.png
  artifactKey: Guid(00442a8fe1e87644087763428f22c250) Importer(815301076,1909f56bfc062723c751e8b465ee728b)
Start importing Assets/BG.png using Guid(00442a8fe1e87644087763428f22c250) Importer(815301076,1909f56bfc062723c751e8b465ee728b)  -> (artifact id: 'e6e9e1af24f523f7956ef98928b47af3') in 0.245541 seconds
  Import took 0.250574 seconds .

========================================================================
Received Import Request.
  Time since last request: 0.000560 seconds.
  path: Assets/PlayAgain Button.png
  artifactKey: Guid(5516c9db7ae269e4f9bce965df94d122) Importer(815301076,1909f56bfc062723c751e8b465ee728b)
Start importing Assets/PlayAgain Button.png using Guid(5516c9db7ae269e4f9bce965df94d122) Importer(815301076,1909f56bfc062723c751e8b465ee728b)  -> (artifact id: 'a327b6879c9ed1b85f93960b6021620e') in 0.060538 seconds
  Import took 0.066707 seconds .

========================================================================
Received Import Request.
  Time since last request: 0.000334 seconds.
  path: Assets/PlayButton.png
  artifactKey: Guid(8f7c0881038cca8418d4313fc063b68c) Importer(815301076,1909f56bfc062723c751e8b465ee728b)
Start importing Assets/PlayButton.png using Guid(8f7c0881038cca8418d4313fc063b68c) Importer(815301076,1909f56bfc062723c751e8b465ee728b)  -> (artifact id: '149889465afe8740fae3cbf32c0fa566') in 0.032323 seconds
  Import took 0.038023 seconds .

========================================================================
Received Import Request.
  Time since last request: 0.004519 seconds.
  path: Assets/PlayButton.png
  artifactKey: Guid(8f7c0881038cca8418d4313fc063b68c) Importer(815301076,1909f56bfc062723c751e8b465ee728b)
Start importing Assets/PlayButton.png using Guid(8f7c0881038cca8418d4313fc063b68c) Importer(815301076,1909f56bfc062723c751e8b465ee728b)  -> (artifact id: '149889465afe8740fae3cbf32c0fa566') in 0.010555 seconds
  Import took 0.016637 seconds .

========================================================================
Received Import Request.
  Time since last request: 5.023803 seconds.
  path: Assets/Scenes/Level3 Complete.unity
  artifactKey: Guid(ac6a7faf8965b234086130805a0a9e72) Importer(815301076,1909f56bfc062723c751e8b465ee728b)
Start importing Assets/Scenes/Level3 Complete.unity using Guid(ac6a7faf8965b234086130805a0a9e72) Importer(815301076,1909f56bfc062723c751e8b465ee728b)  -> (artifact id: '465ff2f6b8c205717a88d8f7cf11ca2b') in 0.008857 seconds
  Import took 0.014779 seconds .

========================================================================
Received Import Request.
  Time since last request: 64.358654 seconds.
  path: Assets/PlayAgain Button.png
  artifactKey: Guid(5516c9db7ae269e4f9bce965df94d122) Importer(815301076,1909f56bfc062723c751e8b465ee728b)
Start importing Assets/PlayAgain Button.png using Guid(5516c9db7ae269e4f9bce965df94d122) Importer(815301076,1909f56bfc062723c751e8b465ee728b)  -> (artifact id: 'e237606e51e3edc20b766b05e06dd0f2') in 0.093330 seconds
  Import took 0.099747 seconds .

========================================================================
Received Import Request.
  Time since last request: 33.793833 seconds.
  path: Assets/Scenes/Start Menu.unity
  artifactKey: Guid(ac0ee145e58edd040a42f0bfb9a958b8) Importer(815301076,1909f56bfc062723c751e8b465ee728b)
Start importing Assets/Scenes/Start Menu.unity using Guid(ac0ee145e58edd040a42f0bfb9a958b8) Importer(815301076,1909f56bfc062723c751e8b465ee728b)  -> (artifact id: '933381bfa6893a27e1c5f64105d0bab2') in 0.010412 seconds
  Import took 0.019781 seconds .

========================================================================
Received Import Request.
  Time since last request: 19.022083 seconds.
  path: Assets/PlayButton.png
  artifactKey: Guid(8f7c0881038cca8418d4313fc063b68c) Importer(815301076,1909f56bfc062723c751e8b465ee728b)
Start importing Assets/PlayButton.png using Guid(8f7c0881038cca8418d4313fc063b68c) Importer(815301076,1909f56bfc062723c751e8b465ee728b)  -> (artifact id: '0b1e22ab5b490a722902af45363073e8') in 0.015814 seconds
  Import took 0.023467 seconds .

========================================================================
Received Prepare
Registering precompiled user dll's ...
Registered in 0.001602 seconds.
Begin MonoManager ReloadAssembly
Native extension for WindowsStandalone target not found
Native extension for WebGL target not found
Refreshing native plugins compatible for Editor in 0.50 ms, found 0 plugins.
Preloading 0 native plugins for Editor in 0.00 ms.
Invoked RoslynAnalysisRunner static constructor.
RoslynAnalysisRunner will not be running.
RoslynAnalysisRunner has terminated.
Mono: successfully reloaded assembly
- Completed reload, in  0.913 seconds
Platform modules already initialized, skipping
Refreshing native plugins compatible for Editor in 0.43 ms, found 0 plugins.
Preloading 0 native plugins for Editor in 0.00 ms.
Unloading 2439 Unused Serialized files (Serialized files now loaded: 0)
System memory in use before: 100.9 MB.
System memory in use after: 101.1 MB.

Unloading 6 unused Assets to reduce memory usage. Loaded Objects now: 2923.
Total: 2.921700 ms (FindLiveObjects: 0.307200 ms CreateObjectMapping: 0.112600 ms MarkObjects: 2.437500 ms  DeleteObjects: 0.063300 ms)

========================================================================
Received Prepare
Registering precompiled user dll's ...
Registered in 0.001582 seconds.
Begin MonoManager ReloadAssembly
Native extension for WindowsStandalone target not found
Native extension for WebGL target not found
Refreshing native plugins compatible for Editor in 0.56 ms, found 0 plugins.
Preloading 0 native plugins for Editor in 0.00 ms.
Invoked RoslynAnalysisRunner static constructor.
RoslynAnalysisRunner will not be running.
RoslynAnalysisRunner has terminated.
Mono: successfully reloaded assembly
- Completed reload, in  0.878 seconds
Platform modules already initialized, skipping
Refreshing native plugins compatible for Editor in 0.49 ms, found 0 plugins.
Preloading 0 native plugins for Editor in 0.00 ms.
Unloading 2439 Unused Serialized files (Serialized files now loaded: 0)
System memory in use before: 101.5 MB.
System memory in use after: 101.7 MB.

Unloading 6 unused Assets to reduce memory usage. Loaded Objects now: 2925.
Total: 2.365600 ms (FindLiveObjects: 0.282100 ms CreateObjectMapping: 0.130900 ms MarkObjects: 1.857200 ms  DeleteObjects: 0.094400 ms)

========================================================================
Received Prepare
Registering precompiled user dll's ...
Registered in 0.001577 seconds.
Begin MonoManager ReloadAssembly
Native extension for WindowsStandalone target not found
Native extension for WebGL target not found
Refreshing native plugins compatible for Editor in 0.39 ms, found 0 plugins.
Preloading 0 native plugins for Editor in 0.00 ms.
Invoked RoslynAnalysisRunner static constructor.
RoslynAnalysisRunner will not be running.
RoslynAnalysisRunner has terminated.
Mono: successfully reloaded assembly
- Completed reload, in  0.891 seconds
Platform modules already initialized, skipping
Refreshing native plugins compatible for Editor in 0.47 ms, found 0 plugins.
Preloading 0 native plugins for Editor in 0.00 ms.
Unloading 2439 Unused Serialized files (Serialized files now loaded: 0)
System memory in use before: 101.9 MB.
System memory in use after: 102.1 MB.

Unloading 6 unused Assets to reduce memory usage. Loaded Objects now: 2927.
Total: 3.597800 ms (FindLiveObjects: 0.356100 ms CreateObjectMapping: 0.130400 ms MarkObjects: 3.053100 ms  DeleteObjects: 0.057200 ms)

========================================================================
Received Prepare
Registering precompiled user dll's ...
Registered in 0.001288 seconds.
Begin MonoManager ReloadAssembly
Native extension for WindowsStandalone target not found
Native extension for WebGL target not found
Refreshing native plugins compatible for Editor in 0.41 ms, found 0 plugins.
Preloading 0 native plugins for Editor in 0.00 ms.
Invoked RoslynAnalysisRunner static constructor.
RoslynAnalysisRunner will not be running.
RoslynAnalysisRunner has terminated.
Mono: successfully reloaded assembly
- Completed reload, in  0.930 seconds
Platform modules already initialized, skipping
Refreshing native plugins compatible for Editor in 0.41 ms, found 0 plugins.
Preloading 0 native plugins for Editor in 0.00 ms.
Unloading 2439 Unused Serialized files (Serialized files now loaded: 0)
System memory in use before: 101.7 MB.
System memory in use after: 101.9 MB.

Unloading 6 unused Assets to reduce memory usage. Loaded Objects now: 2929.
Total: 2.738200 ms (FindLiveObjects: 0.435300 ms CreateObjectMapping: 0.274100 ms MarkObjects: 1.901500 ms  DeleteObjects: 0.125900 ms)

========================================================================
Received Import Request.
  Time since last request: 220.652742 seconds.
  path: Assets/BG.png
  artifactKey: Guid(00442a8fe1e87644087763428f22c250) Importer(815301076,1909f56bfc062723c751e8b465ee728b)
Start importing Assets/BG.png using Guid(00442a8fe1e87644087763428f22c250) Importer(815301076,1909f56bfc062723c751e8b465ee728b)  -> (artifact id: '7ee47774f2387f0ece171487a28761b7') in 0.058115 seconds
  Import took 0.063576 seconds .

========================================================================
Received Prepare
Registering precompiled user dll's ...
Registered in 0.001527 seconds.
Begin MonoManager ReloadAssembly
Native extension for WindowsStandalone target not found
Native extension for WebGL target not found
Refreshing native plugins compatible for Editor in 0.44 ms, found 0 plugins.
Preloading 0 native plugins for Editor in 0.00 ms.
Invoked RoslynAnalysisRunner static constructor.
RoslynAnalysisRunner will not be running.
RoslynAnalysisRunner has terminated.
Mono: successfully reloaded assembly
- Completed reload, in  0.904 seconds
Platform modules already initialized, skipping
Refreshing native plugins compatible for Editor in 0.41 ms, found 0 plugins.
Preloading 0 native plugins for Editor in 0.00 ms.
Unloading 2439 Unused Serialized files (Serialized files now loaded: 0)
System memory in use before: 102.0 MB.
System memory in use after: 102.2 MB.

Unloading 6 unused Assets to reduce memory usage. Loaded Objects now: 2934.
Total: 2.747600 ms (FindLiveObjects: 0.532400 ms CreateObjectMapping: 0.231100 ms MarkObjects: 1.900300 ms  DeleteObjects: 0.082500 ms)

========================================================================
Received Prepare
Registering precompiled user dll's ...
Registered in 0.001538 seconds.
Begin MonoManager ReloadAssembly
Native extension for WindowsStandalone target not found
Native extension for WebGL target not found
Refreshing native plugins compatible for Editor in 1.24 ms, found 0 plugins.
Preloading 0 native plugins for Editor in 0.00 ms.
Invoked RoslynAnalysisRunner static constructor.
RoslynAnalysisRunner will not be running.
RoslynAnalysisRunner has terminated.
Mono: successfully reloaded assembly
- Completed reload, in  0.888 seconds
Platform modules already initialized, skipping
Refreshing native plugins compatible for Editor in 0.45 ms, found 0 plugins.
Preloading 0 native plugins for Editor in 0.00 ms.
Unloading 2439 Unused Serialized files (Serialized files now loaded: 0)
System memory in use before: 101.8 MB.
System memory in use after: 102.0 MB.

Unloading 6 unused Assets to reduce memory usage. Loaded Objects now: 2936.
Total: 2.624400 ms (FindLiveObjects: 0.299200 ms CreateObjectMapping: 0.121400 ms MarkObjects: 2.143700 ms  DeleteObjects: 0.059200 ms)

========================================================================
Received Import Request.
  Time since last request: 99.476765 seconds.
  path: Assets/Scenes/Level1 Complete.unity
  artifactKey: Guid(947ac999aa8aebc48b3e15899147c924) Importer(815301076,1909f56bfc062723c751e8b465ee728b)
Start importing Assets/Scenes/Level1 Complete.unity using Guid(947ac999aa8aebc48b3e15899147c924) Importer(815301076,1909f56bfc062723c751e8b465ee728b)  -> (artifact id: '3e428c7a8db731338923fc32f03b6eb7') in 0.021877 seconds
  Import took 0.028456 seconds .

========================================================================
Received Prepare
Registering precompiled user dll's ...
Registered in 0.001510 seconds.
Begin MonoManager ReloadAssembly
Native extension for WindowsStandalone target not found
Native extension for WebGL target not found
Refreshing native plugins compatible for Editor in 0.45 ms, found 0 plugins.
Preloading 0 native plugins for Editor in 0.00 ms.
Invoked RoslynAnalysisRunner static constructor.
RoslynAnalysisRunner will not be running.
RoslynAnalysisRunner has terminated.
Mono: successfully reloaded assembly
- Completed reload, in  0.925 seconds
Platform modules already initialized, skipping
Refreshing native plugins compatible for Editor in 0.44 ms, found 0 plugins.
Preloading 0 native plugins for Editor in 0.00 ms.
Unloading 2439 Unused Serialized files (Serialized files now loaded: 0)
System memory in use before: 102.0 MB.
System memory in use after: 102.2 MB.

Unloading 6 unused Assets to reduce memory usage. Loaded Objects now: 2938.
Total: 2.432800 ms (FindLiveObjects: 0.298800 ms CreateObjectMapping: 0.135400 ms MarkObjects: 1.941800 ms  DeleteObjects: 0.055700 ms)

========================================================================
Received Prepare
Registering precompiled user dll's ...
Registered in 0.001360 seconds.
Begin MonoManager ReloadAssembly
Native extension for WindowsStandalone target not found
Native extension for WebGL target not found
Refreshing native plugins compatible for Editor in 0.39 ms, found 0 plugins.
Preloading 0 native plugins for Editor in 0.00 ms.
Invoked RoslynAnalysisRunner static constructor.
RoslynAnalysisRunner will not be running.
RoslynAnalysisRunner has terminated.
Mono: successfully reloaded assembly
- Completed reload, in  0.981 seconds
Platform modules already initialized, skipping
Refreshing native plugins compatible for Editor in 0.50 ms, found 0 plugins.
Preloading 0 native plugins for Editor in 0.00 ms.
Unloading 2439 Unused Serialized files (Serialized files now loaded: 0)
System memory in use before: 101.9 MB.
System memory in use after: 102.1 MB.

Unloading 6 unused Assets to reduce memory usage. Loaded Objects now: 2940.
Total: 2.724400 ms (FindLiveObjects: 0.316100 ms CreateObjectMapping: 0.153700 ms MarkObjects: 2.153700 ms  DeleteObjects: 0.099800 ms)

========================================================================
Received Import Request.
  Time since last request: 164.414154 seconds.
  path: Assets/Scenes/Level2 Complete.unity
  artifactKey: Guid(067a10d3c4ab3b64ab8cab6f7474eb5a) Importer(815301076,1909f56bfc062723c751e8b465ee728b)
Start importing Assets/Scenes/Level2 Complete.unity using Guid(067a10d3c4ab3b64ab8cab6f7474eb5a) Importer(815301076,1909f56bfc062723c751e8b465ee728b)  -> (artifact id: '1eeed1559e8cb104680fecdfeb332aab') in 0.027865 seconds
  Import took 0.036661 seconds .

========================================================================
Received Prepare
Registering precompiled user dll's ...
Registered in 0.001791 seconds.
Begin MonoManager ReloadAssembly
Native extension for WindowsStandalone target not found
Native extension for WebGL target not found
Refreshing native plugins compatible for Editor in 0.38 ms, found 0 plugins.
Preloading 0 native plugins for Editor in 0.00 ms.
Invoked RoslynAnalysisRunner static constructor.
RoslynAnalysisRunner will not be running.
RoslynAnalysisRunner has terminated.
Mono: successfully reloaded assembly
- Completed reload, in  0.971 seconds
Platform modules already initialized, skipping
Refreshing native plugins compatible for Editor in 0.44 ms, found 0 plugins.
Preloading 0 native plugins for Editor in 0.00 ms.
Unloading 2439 Unused Serialized files (Serialized files now loaded: 0)
System memory in use before: 102.0 MB.
System memory in use after: 102.2 MB.

Unloading 6 unused Assets to reduce memory usage. Loaded Objects now: 2942.
Total: 3.071900 ms (FindLiveObjects: 0.424300 ms CreateObjectMapping: 0.122600 ms MarkObjects: 2.422700 ms  DeleteObjects: 0.101100 ms)

========================================================================
Received Import Request.
  Time since last request: 65.111968 seconds.
  path: Assets/Scenes/Start Menu.unity
  artifactKey: Guid(ac0ee145e58edd040a42f0bfb9a958b8) Importer(815301076,1909f56bfc062723c751e8b465ee728b)
Start importing Assets/Scenes/Start Menu.unity using Guid(ac0ee145e58edd040a42f0bfb9a958b8) Importer(815301076,1909f56bfc062723c751e8b465ee728b)  -> (artifact id: 'b8d96fa3b6628a4e00ca90ee30f68119') in 0.021561 seconds
  Import took 0.029428 seconds .

========================================================================
Received Prepare
Registering precompiled user dll's ...
Registered in 0.001535 seconds.
Begin MonoManager ReloadAssembly
Native extension for WindowsStandalone target not found
Native extension for WebGL target not found
Refreshing native plugins compatible for Editor in 0.44 ms, found 0 plugins.
Preloading 0 native plugins for Editor in 0.00 ms.
Invoked RoslynAnalysisRunner static constructor.
RoslynAnalysisRunner will not be running.
RoslynAnalysisRunner has terminated.
Mono: successfully reloaded assembly
- Completed reload, in  0.871 seconds
Platform modules already initialized, skipping
Refreshing native plugins compatible for Editor in 0.45 ms, found 0 plugins.
Preloading 0 native plugins for Editor in 0.00 ms.
Unloading 2439 Unused Serialized files (Serialized files now loaded: 0)
System memory in use before: 102.0 MB.
System memory in use after: 102.2 MB.

Unloading 6 unused Assets to reduce memory usage. Loaded Objects now: 2944.
Total: 2.434400 ms (FindLiveObjects: 0.301500 ms CreateObjectMapping: 0.142000 ms MarkObjects: 1.929300 ms  DeleteObjects: 0.060700 ms)

========================================================================
Received Import Request.
  Time since last request: 176.789680 seconds.
  path: Assets/Scenes/Level1 Complete.unity
  artifactKey: Guid(947ac999aa8aebc48b3e15899147c924) Importer(815301076,1909f56bfc062723c751e8b465ee728b)
Start importing Assets/Scenes/Level1 Complete.unity using Guid(947ac999aa8aebc48b3e15899147c924) Importer(815301076,1909f56bfc062723c751e8b465ee728b)  -> (artifact id: '77e20ad5fc0a4921452ca54fe8d2035d') in 0.014825 seconds
  Import took 0.021770 seconds .

========================================================================
Received Prepare
Registering precompiled user dll's ...
Registered in 0.001804 seconds.
Begin MonoManager ReloadAssembly
Native extension for WindowsStandalone target not found
Native extension for WebGL target not found
Refreshing native plugins compatible for Editor in 0.65 ms, found 0 plugins.
Preloading 0 native plugins for Editor in 0.00 ms.
Invoked RoslynAnalysisRunner static constructor.
RoslynAnalysisRunner will not be running.
RoslynAnalysisRunner has terminated.
Mono: successfully reloaded assembly
- Completed reload, in  0.974 seconds
Platform modules already initialized, skipping
Refreshing native plugins compatible for Editor in 0.44 ms, found 0 plugins.
Preloading 0 native plugins for Editor in 0.00 ms.
Unloading 2439 Unused Serialized files (Serialized files now loaded: 0)
System memory in use before: 102.0 MB.
System memory in use after: 102.2 MB.

Unloading 6 unused Assets to reduce memory usage. Loaded Objects now: 2946.
Total: 2.531400 ms (FindLiveObjects: 0.269300 ms CreateObjectMapping: 0.154100 ms MarkObjects: 2.004900 ms  DeleteObjects: 0.102200 ms)

========================================================================
Received Import Request.
  Time since last request: 35.439423 seconds.
  path: Assets/Scenes/Level3 Complete.unity
  artifactKey: Guid(ac6a7faf8965b234086130805a0a9e72) Importer(815301076,1909f56bfc062723c751e8b465ee728b)
Start importing Assets/Scenes/Level3 Complete.unity using Guid(ac6a7faf8965b234086130805a0a9e72) Importer(815301076,1909f56bfc062723c751e8b465ee728b)  -> (artifact id: '280b19f1fed537558f6c9ff14ced23a3') in 0.011848 seconds
  Import took 0.017217 seconds .

========================================================================
Received Prepare
Registering precompiled user dll's ...
Registered in 0.001303 seconds.
Begin MonoManager ReloadAssembly
Native extension for WindowsStandalone target not found
Native extension for WebGL target not found
Refreshing native plugins compatible for Editor in 0.37 ms, found 0 plugins.
Preloading 0 native plugins for Editor in 0.00 ms.
Invoked RoslynAnalysisRunner static constructor.
RoslynAnalysisRunner will not be running.
RoslynAnalysisRunner has terminated.
Mono: successfully reloaded assembly
- Completed reload, in  0.927 seconds
Platform modules already initialized, skipping
Refreshing native plugins compatible for Editor in 0.45 ms, found 0 plugins.
Preloading 0 native plugins for Editor in 0.00 ms.
Unloading 2439 Unused Serialized files (Serialized files now loaded: 0)
System memory in use before: 102.0 MB.
System memory in use after: 102.2 MB.

Unloading 6 unused Assets to reduce memory usage. Loaded Objects now: 2948.
Total: 3.956300 ms (FindLiveObjects: 0.623500 ms CreateObjectMapping: 0.289400 ms MarkObjects: 2.966100 ms  DeleteObjects: 0.075200 ms)

